<?xml version="1.0" encoding="UTF-8"?>
<testsuite name="com.spring.security.pricems.PriceMsApplicationTests" tests="1" skipped="0" failures="0" errors="0" timestamp="2026-04-23T08:39:50.516Z" hostname="DESKTOP-3V84SAQ" time="3.453">
  <properties/>
  <testcase name="contextLoads()" classname="com.spring.security.pricems.PriceMsApplicationTests" time="3.453"/>
  <system-out><![CDATA[12:39:12.648 [Test worker] INFO org.springframework.test.context.support.AnnotationConfigContextLoaderUtils -- Could not detect default configuration classes for test class [com.spring.security.pricems.PriceMsApplicationTests]: PriceMsApplicationTests does not declare any static, non-private, non-final, nested classes annotated with @Configuration.
12:39:13.210 [Test worker] INFO org.springframework.boot.test.context.SpringBootTestContextBootstrapper -- Found @SpringBootConfiguration com.spring.security.pricems.PriceMsApplication for test class com.spring.security.pricems.PriceMsApplicationTests

  .   ____          _            __ _ _
 /\\ / ___'_ __ _ _(_)_ __  __ _ \ \ \ \
( ( )\___ | '_ | '_| | '_ \/ _` | \ \ \ \
 \\/  ___)| |_)| | | | | || (_| |  ) ) ) )
  '  |____| .__|_| |_|_| |_\__, | / / / /
 =========|_|==============|___/=/_/_/_/

 :: Spring Boot ::                (v3.3.5)

2026-04-23T12:39:16.167+04:00  WARN 9168 --- [price-ms] [    Test worker] [                                                 ] ory$DuplicateJsonObjectContextCustomizer : 

Found multiple occurrences of org.json.JSONObject on the class path:

	jar:file:/C:/Users/Senan/.gradle/caches/modules-2/files-2.1/org.json/json/20240303/ebb88e8fb5122b7506d5cf1d69f1ccdb790d22a/json-20240303.jar!/org/json/JSONObject.class
	jar:file:/C:/Users/Senan/.gradle/caches/modules-2/files-2.1/com.vaadin.external.google/android-json/0.0.20131108.vaadin1/fa26d351fe62a6a17f5cda1287c1c6110dec413f/android-json-0.0.20131108.vaadin1.jar!/org/json/JSONObject.class

You may wish to exclude one of them to ensure predictable runtime behavior

2026-04-23T12:39:16.243+04:00  INFO 9168 --- [price-ms] [    Test worker] [                                                 ] c.s.s.pricems.PriceMsApplicationTests    : Starting PriceMsApplicationTests using Java 21.0.8 with PID 9168 (started by Senan in C:\Users\Senan\folksdev-projects\binance\Price-ms)
2026-04-23T12:39:16.245+04:00  INFO 9168 --- [price-ms] [    Test worker] [                                                 ] c.s.s.pricems.PriceMsApplicationTests    : The following 1 profile is active: "test"
2026-04-23T12:39:21.989+04:00  INFO 9168 --- [price-ms] [    Test worker] [                                                 ] .s.d.r.c.RepositoryConfigurationDelegate : Multiple Spring Data modules found, entering strict repository configuration mode
2026-04-23T12:39:21.999+04:00  INFO 9168 --- [price-ms] [    Test worker] [                                                 ] .s.d.r.c.RepositoryConfigurationDelegate : Bootstrapping Spring Data JPA repositories in DEFAULT mode.
2026-04-23T12:39:22.744+04:00  INFO 9168 --- [price-ms] [    Test worker] [                                                 ] .s.d.r.c.RepositoryConfigurationDelegate : Finished Spring Data repository scanning in 712 ms. Found 2 JPA repository interfaces.
2026-04-23T12:39:22.839+04:00  INFO 9168 --- [price-ms] [    Test worker] [                                                 ] .s.d.r.c.RepositoryConfigurationDelegate : Multiple Spring Data modules found, entering strict repository configuration mode
2026-04-23T12:39:22.854+04:00  INFO 9168 --- [price-ms] [    Test worker] [                                                 ] .s.d.r.c.RepositoryConfigurationDelegate : Bootstrapping Spring Data Redis repositories in DEFAULT mode.
2026-04-23T12:39:22.930+04:00  INFO 9168 --- [price-ms] [    Test worker] [                                                 ] .RepositoryConfigurationExtensionSupport : Spring Data Redis - Could not safely identify store assignment for repository candidate interface com.spring.security.pricems.repository.AlertRepository; If you want this repository to be a Redis repository, consider annotating your entities with one of these annotations: org.springframework.data.redis.core.RedisHash (preferred), or consider extending one of the following types with your repository: org.springframework.data.keyvalue.repository.KeyValueRepository
2026-04-23T12:39:22.935+04:00  INFO 9168 --- [price-ms] [    Test worker] [                                                 ] .RepositoryConfigurationExtensionSupport : Spring Data Redis - Could not safely identify store assignment for repository candidate interface com.spring.security.pricems.repository.WatchListRepository; If you want this repository to be a Redis repository, consider annotating your entities with one of these annotations: org.springframework.data.redis.core.RedisHash (preferred), or consider extending one of the following types with your repository: org.springframework.data.keyvalue.repository.KeyValueRepository
2026-04-23T12:39:22.936+04:00  INFO 9168 --- [price-ms] [    Test worker] [                                                 ] .s.d.r.c.RepositoryConfigurationDelegate : Finished Spring Data repository scanning in 36 ms. Found 0 Redis repository interfaces.
2026-04-23T12:39:27.032+04:00  INFO 9168 --- [price-ms] [    Test worker] [                                                 ] o.hibernate.jpa.internal.util.LogHelper  : HHH000204: Processing PersistenceUnitInfo [name: default]
2026-04-23T12:39:27.534+04:00  INFO 9168 --- [price-ms] [    Test worker] [                                                 ] org.hibernate.Version                    : HHH000412: Hibernate ORM core version 6.5.3.Final
2026-04-23T12:39:27.728+04:00  INFO 9168 --- [price-ms] [    Test worker] [                                                 ] o.h.c.internal.RegionFactoryInitiator    : HHH000026: Second-level cache disabled
2026-04-23T12:39:29.387+04:00  INFO 9168 --- [price-ms] [    Test worker] [                                                 ] o.s.o.j.p.SpringPersistenceUnitInfo      : No LoadTimeWeaver setup: ignoring JPA class transformer
2026-04-23T12:39:29.509+04:00  INFO 9168 --- [price-ms] [    Test worker] [                                                 ] com.zaxxer.hikari.HikariDataSource       : HikariPool-1 - Starting...
2026-04-23T12:39:30.371+04:00  INFO 9168 --- [price-ms] [    Test worker] [                                                 ] com.zaxxer.hikari.pool.HikariPool        : HikariPool-1 - Added connection conn0: url=jdbc:h2:mem:pricems user=SA
2026-04-23T12:39:30.379+04:00  INFO 9168 --- [price-ms] [    Test worker] [                                                 ] com.zaxxer.hikari.HikariDataSource       : HikariPool-1 - Start completed.
2026-04-23T12:39:35.327+04:00  INFO 9168 --- [price-ms] [    Test worker] [                                                 ] o.h.e.t.j.p.i.JtaPlatformInitiator       : HHH000489: No JTA platform available (set 'hibernate.transaction.jta.platform' to enable JTA platform integration)
2026-04-23T12:39:35.523+04:00  INFO 9168 --- [price-ms] [    Test worker] [                                                 ] j.LocalContainerEntityManagerFactoryBean : Initialized JPA EntityManagerFactory for persistence unit 'default'
2026-04-23T12:39:41.767+04:00  INFO 9168 --- [price-ms] [    Test worker] [                                                 ] o.s.d.j.r.query.QueryEnhancerFactory     : Hibernate is in classpath; If applicable, HQL parser will be used.
2026-04-23T12:39:44.034+04:00  WARN 9168 --- [price-ms] [    Test worker] [                                                 ] .s.s.UserDetailsServiceAutoConfiguration : 

Using generated security password: 2349f8bb-3bb4-4fbe-a8fe-b0a1e684bfcf

This generated password is for development use only. Your security configuration must be updated before running your application in production.

2026-04-23T12:39:44.102+04:00  INFO 9168 --- [price-ms] [    Test worker] [                                                 ] r$InitializeUserDetailsManagerConfigurer : Global AuthenticationManager configured with UserDetailsService bean with name inMemoryUserDetailsManager
2026-04-23T12:39:46.153+04:00  INFO 9168 --- [price-ms] [    Test worker] [                                                 ] o.s.b.a.e.web.EndpointLinksResolver      : Exposing 3 endpoints beneath base path '/actuator'
2026-04-23T12:39:49.918+04:00  INFO 9168 --- [price-ms] [    Test worker] [                                                 ] c.s.s.pricems.PriceMsApplicationTests    : Started PriceMsApplicationTests in 35.783 seconds (process running for 41.869)
]]></system-out>
  <system-err><![CDATA[WARNING: A Java agent has been loaded dynamically (C:\Users\Senan\.gradle\caches\modules-2\files-2.1\net.bytebuddy\byte-buddy-agent\1.14.19\154da3a65b4f4a909d3e5bdec55d1b2b4cbb6ce1\byte-buddy-agent-1.14.19.jar)
WARNING: If a serviceability tool is in use, please run with -XX:+EnableDynamicAgentLoading to hide this warning
WARNING: If a serviceability tool is not in use, please run with -Djdk.instrument.traceUsage for more information
WARNING: Dynamic loading of agents will be disallowed by default in a future release
]]></system-err>
</testsuite>
