<?xml version="1.0" encoding="UTF-8"?>
<testsuite name="com.example.technicalanalizems.TechnicalAnalizeMsApplicationTests" tests="1" skipped="0" failures="0" errors="0" timestamp="2025-12-26T06:55:49.836Z" hostname="DESKTOP-3V84SAQ" time="1.97">
  <properties/>
  <testcase name="contextLoads()" classname="com.example.technicalanalizems.TechnicalAnalizeMsApplicationTests" time="1.97"/>
  <system-out><![CDATA[10:55:44.739 [Test worker] INFO org.springframework.test.context.support.AnnotationConfigContextLoaderUtils -- Could not detect default configuration classes for test class [com.example.technicalanalizems.TechnicalAnalizeMsApplicationTests]: TechnicalAnalizeMsApplicationTests does not declare any static, non-private, non-final, nested classes annotated with @Configuration.
10:55:44.994 [Test worker] INFO org.springframework.boot.test.context.SpringBootTestContextBootstrapper -- Found @SpringBootConfiguration com.example.technicalanalizems.TechnicalAnalizeMsApplication for test class com.example.technicalanalizems.TechnicalAnalizeMsApplicationTests

  .   ____          _            __ _ _
 /\\ / ___'_ __ _ _(_)_ __  __ _ \ \ \ \
( ( )\___ | '_ | '_| | '_ \/ _` | \ \ \ \
 \\/  ___)| |_)| | | | | || (_| |  ) ) ) )
  '  |____| .__|_| |_|_| |_\__, | / / / /
 =========|_|==============|___/=/_/_/_/

 :: Spring Boot ::                (v3.5.7)

2025-12-26T10:55:46.206+04:00  WARN 12660 --- [    Test worker] ory$DuplicateJsonObjectContextCustomizer : 

Found multiple occurrences of org.json.JSONObject on the class path:

	jar:file:/C:/Users/Senan/.gradle/caches/modules-2/files-2.1/org.json/json/20231013/e22e0c040fe16f04ffdb85d851d77b07fc05ea52/json-20231013.jar!/org/json/JSONObject.class
	jar:file:/C:/Users/Senan/.gradle/caches/modules-2/files-2.1/com.vaadin.external.google/android-json/0.0.20131108.vaadin1/fa26d351fe62a6a17f5cda1287c1c6110dec413f/android-json-0.0.20131108.vaadin1.jar!/org/json/JSONObject.class

You may wish to exclude one of them to ensure predictable runtime behavior

2025-12-26T10:55:46.239+04:00  INFO 12660 --- [    Test worker] c.e.t.TechnicalAnalizeMsApplicationTests : Starting TechnicalAnalizeMsApplicationTests using Java 21.0.8 with PID 12660 (started by Senan in C:\Users\Senan\folksdev-projects\binance\TechnicalAnalize-ms)
2025-12-26T10:55:46.241+04:00  INFO 12660 --- [    Test worker] c.e.t.TechnicalAnalizeMsApplicationTests : No active profile set, falling back to 1 default profile: "default"
2025-12-26T10:55:49.083+04:00  INFO 12660 --- [    Test worker] o.s.v.b.OptionalValidatorFactoryBean     : Failed to set up a Bean Validation provider: jakarta.validation.NoProviderFoundException: Unable to create a Configuration, because no Jakarta Bean Validation provider could be found. Add a provider like Hibernate Validator (RI) to your classpath.
2025-12-26T10:55:49.794+04:00  INFO 12660 --- [    Test worker] c.e.t.TechnicalAnalizeMsApplicationTests : Started TechnicalAnalizeMsApplicationTests in 4.403 seconds (process running for 6.8)
]]></system-out>
  <system-err><![CDATA[Mockito is currently self-attaching to enable the inline-mock-maker. This will no longer work in future releases of the JDK. Please add Mockito as an agent to your build as described in Mockito's documentation: https://javadoc.io/doc/org.mockito/mockito-core/latest/org.mockito/org/mockito/Mockito.html#0.3
WARNING: A Java agent has been loaded dynamically (C:\Users\Senan\.gradle\caches\modules-2\files-2.1\net.bytebuddy\byte-buddy-agent\1.17.8\f09415827a71be7ed621c7bd02550678f28bc81c\byte-buddy-agent-1.17.8.jar)
WARNING: If a serviceability tool is in use, please run with -XX:+EnableDynamicAgentLoading to hide this warning
WARNING: If a serviceability tool is not in use, please run with -Djdk.instrument.traceUsage for more information
WARNING: Dynamic loading of agents will be disallowed by default in a future release
]]></system-err>
</testsuite>
